<?xml version="1.0" encoding="UTF-8"?>
<!-- Generated by org.testng.reporters.JUnitReportReporter -->
<testsuite skipped="0" hostname="BESTcomputer-PC" name="BaseTest" tests="1" failures="0" timestamp="2020-01-14T15:24:01 IST" time="5.578" errors="0">
  <testcase name="BrowserLaunch" time="5.578" classname="BaseTest"/>
  <system-out/>
</testsuite> <!-- BaseTest -->
