<?xml version="1.0" encoding="UTF-8"?>
<!-- Generated by org.testng.reporters.JUnitReportReporter -->
<testsuite skipped="0" hostname="BESTcomputer-PC" name="BaseTest" tests="1" failures="0" timestamp="2020-01-29T14:48:00 IST" time="29.178" errors="0">
  <testcase name="BrowserLaunch" time="29.178" classname="BaseTest"/>
</testsuite> <!-- BaseTest -->
