<?xml version="1.0" encoding="UTF-8"?>
<!-- Generated by org.testng.reporters.JUnitReportReporter -->
<testsuite skipped="0" hostname="BESTcomputer-PC" name="BaseTest" tests="1" failures="0" timestamp="2020-01-15T14:33:15 IST" time="9.292" errors="0">
  <testcase name="BrowserLaunch" time="9.292" classname="BaseTest"/>
  <system-out/>
</testsuite> <!-- BaseTest -->
